<?xml version="1.0" encoding="UTF-8"?>
<!-- Generated by org.testng.reporters.JUnitReportReporter -->
<testsuite skipped="0" hostname="DELL-PC" name="iPAddressValidation.IPAddressValidatorTest" tests="14" failures="0" timestamp="09 Oct 2017 10:25:05 GMT" time="0.187" errors="0">
  <testcase name="InValidIPAddressTest" time="0.029" classname="iPAddressValidation.IPAddressValidatorTest"/>
  <testcase name="InValidIPAddressTest" time="0.029" classname="iPAddressValidation.IPAddressValidatorTest"/>
  <testcase name="ValidIPAddressTest" time="0.009" classname="iPAddressValidation.IPAddressValidatorTest"/>
  <testcase name="ValidIPAddressTest" time="0.012" classname="iPAddressValidation.IPAddressValidatorTest"/>
  <testcase name="ValidIPAddressTest" time="0.008" classname="iPAddressValidation.IPAddressValidatorTest"/>
  <testcase name="InValidIPAddressTest" time="0.006" classname="iPAddressValidation.IPAddressValidatorTest"/>
  <testcase name="ValidIPAddressTest" time="0.009" classname="iPAddressValidation.IPAddressValidatorTest"/>
  <testcase name="InValidIPAddressTest" time="0.035" classname="iPAddressValidation.IPAddressValidatorTest"/>
  <testcase name="ValidIPAddressTest" time="0.006" classname="iPAddressValidation.IPAddressValidatorTest"/>
  <testcase name="ValidIPAddressTest" time="0.007" classname="iPAddressValidation.IPAddressValidatorTest"/>
  <testcase name="InValidIPAddressTest" time="0.011" classname="iPAddressValidation.IPAddressValidatorTest"/>
  <testcase name="InValidIPAddressTest" time="0.008" classname="iPAddressValidation.IPAddressValidatorTest"/>
  <testcase name="InValidIPAddressTest" time="0.009" classname="iPAddressValidation.IPAddressValidatorTest"/>
  <testcase name="InValidIPAddressTest" time="0.009" classname="iPAddressValidation.IPAddressValidatorTest"/>
</testsuite> <!-- iPAddressValidation.IPAddressValidatorTest -->
